When/I such/J claims/N and/C litigation/N extend/V beyond/I the/D period/N ,/, the/D syndicates/N can/M extend/V their/D accounting/N deadlines/N ./.
Lloyd/N 's/P said/V there/C are/V currently/R 115/C open/V account/N years/N involving/V 68/C of/V the/D market/N 's/P roughly/R 360/C syndicates/N ./.
The/D open-year/J accounting/N practice/N ``/P is/V widely/R recognized/V within/I Lloyd/N 's/P as/I of/I serious/J concern/N ''/' to/T the/V 31,329/C member/N investors/N ,/, who/C underwrite/V insurance/N at/I Lloyd/N 's/P in/I return/N for/I premium/N and/C investment/N income/N ,/, Lloyd/N 's/P said/V ./.
The/D procedure/N causes/V ``/D great/J uncertainty/N ''/P because/I an/D investor/N ca/M n't/R be/V sure/J of/N his/P or/V her/P individual/J liability/N ,/, Lloyd/N 's/P said/V ./.
As/I a/D result/N ,/, the/D insurance/N market/N plans/V new/J measures/N to/T restrict/V the/D ability/N of/I syndicate/N officials/N to/T leave/V years/N open/V ./.
Lloyd/N 's/P said/V it/P expects/V to/C enact/V new/J rules/N mandating/V the/D changes/N by/I year/N end/N ./.
Under/I the/D new/J rules/N ,/, the/D officials/N will/M have/V to/C secure/V additional/J information/N and/C reports/N from/I actuaries/N ,/P including/V an/D assessment/N of/I whether/I officials/N have/V acted/V reasonably/R ./.
In/I addition/N ,/, officials/N will/M have/V to/C get/V quotes/N for/I certain/J reinsurance/N contracts/N and/C obtain/V approvals/N from/I other/J syndicate/N directors/N ./.
Computer/N Associates/N International/N Inc./N reported/V earnings/N for/I the/D second/J quarter/N ,/P ended/V Sept./N 30/C ,/V plummeted/V 66/C %/N ,/, primarily/R because/I of/I the/D acquisition/N of/I Cullinet/N Software/N Inc/N ./.
The/D nation/N 's/P largest/J software/N company/N earned/I $/$ 9.6/C million/C ,/, or/C five/V cents/N a/D share/N ,/P compared/V with/I $/$ 28/C million/C ,/, or/C 16/C cents/N a/D share/N ,/, a/D year/N earlier/R ./.
Revenue/N rose/V 5/C %/N to/I $/$ 282/C million/C from/I $/$ 268.3/C million/V ./.
The/D drop/N in/I earnings/N had/V been/V anticipated/V by/I most/J Wall/N Street/N analysts/N ,/, but/C the/V results/N were/I reported/V after/I the/D market/N closed/V ./.
Computer/N Associates/N closed/V at/I $/$ 13.625/C ,/, down/I 25/V cents/N ,/P in/I composite/J trading/N on/I the/D New/N York/N Stock/N Exchange/N ./.
Anthony/N Wang/N ,/, president/N ,/P attributed/V the/D drop/N to/T the/D disruption/N of/I the/D company/N 's/P business/V resulting/V from/I the/V prolonged/V process/N of/I acquiring/V Cullinet/N ./.
The/D acquisition/N was/V completed/V in/I September/N ./.
In/I August/N ,/, the/D company/N warned/V investors/N that/I the/D acquisition/N was/V being/V delayed/V ,/, and/C many/J customers/N were/I holding/V off/I on/I purchase/N decisions/N until/I the/D takeover/N was/V completed/V ./.
The/D delays/N mainly/R affected/V sales/N of/I data/N base/N management/N products/N ,/, a/D core/N area/N for/I both/D Computer/N Associates/R and/C Cullinet/N ,/P as/I well/R as/I sales/N of/I other/J products/N as/I part/N of/I package/N sales/N ./.
Residents/N of/I this/D city/N soon/R will/C be/V seeing/V ads/N urging/V them/P to/V visit/V ``/D Cleveland/N 's/P outdoor/V museum/N ''/P --/V Lake/N View/N Cemetery/N ./.
Despite/I such/J famous/N tenants/N as/I oil/N magnate/N John/N D./N Rockefeller/N ,/, Lake/N View/N Cemetery/N has/P fallen/V on/I hard/J times/N ./.
So/I the/D inner-city/N burial/N ground/N is/V trying/V to/C resurrect/V itself/P with/I a/D television/N advertising/N campaign/N ./.
The/D ads/N celebrate/V the/D achievements/N of/I some/D of/N Lake/N View/P 's/V residents/N ./.
A/D spot/N honoring/V Bill/N White/P ,/V the/D inventor/N of/I chewing/V gum/N ,/P shows/V a/D woman/N trying/V to/C extricate/V her/P high-heeled/J shoe/N from/I a/D wad/N of/I gum/N ./.
-LRB-/D Mr./N Garrison/I notes/V ,/, however/C ,/, that/I the/D Garfield/N tomb/P is/V one/C of/V the/D nation/N 's/P premier/J examples/N of/I Romanesque/J architecture/N ./N -RRB-/.
A/D pitched/J battle/N could/M mean/V Jaguar/N would/P fetch/V #/R 10/C -LRB-/- $/$ 16.02/C -RRB-/V a/D share/N ,/, or/C about/I #/$ 1.8/C billion/C -LRB-/- $/$ 2.88/C billion/C -RRB-/C ,/V several/J analysts/N believe/V ./.
Mr./N Boies/N ,/P the/V first/D lawyer/N to/T use/V Mr./N Vinson/P 's/V services/N ,/P cautions/V against/I courts/N '/P allowing/V extensive/J jury/N questioning/V -LRB-/V known/V as/I voir/$ dire/C -RRB-/V or/C giving/V out/I personal/J information/N about/I the/D jurors/N ./.
